Using pre-set license
Built from '2020.3/staging' branch; Version is '2020.3.8f1 (507919d4fff5) revision 5273881'; Using compiler version '192528614'; Build Type 'Release'
OS: 'Windows 10 Home; OS build 19041.1052; Version 2004; 64bit' Language: 'en' Physical Memory: 16267 MB
BatchMode: 1, IsHumanControllingUs: 0, StartBugReporterOnCrash: 0, Is64bit: 1, IsPro: 0

 COMMAND LINE ARGUMENTS:
C:\Program Files\Unity\Hub\Editor\2020.3.8f1\Editor\Unity.exe
-adb2
-batchMode
-noUpm
-name
AssetImportWorker0
-projectPath
D:/ShenMini/UNity/CircleEquationTool
-logFile
Logs/AssetImportWorker0.log
-srvPort
51693
Successfully changed project path to: D:/ShenMini/UNity/CircleEquationTool
D:/ShenMini/UNity/CircleEquationTool
Using Asset Import Pipeline V2.
Refreshing native plugins compatible for Editor in 25.90 ms, found 0 plugins.
Preloading 0 native plugins for Editor in 0.00 ms.
Initialize engine version: 2020.3.8f1 (507919d4fff5)
[Subsystems] Discovering subsystems at path C:/Program Files/Unity/Hub/Editor/2020.3.8f1/Editor/Data/Resources/UnitySubsystems
[Subsystems] Discovering subsystems at path D:/ShenMini/UNity/CircleEquationTool/Assets
GfxDevice: creating device client; threaded=0
Direct3D:
    Version:  Direct3D 11.0 [level 11.1]
    Renderer: NVIDIA GeForce GTX 1060 (ID=0x1c20)
    Vendor:   
    VRAM:     6052 MB
    Driver:   26.21.14.3615
Initialize mono
Mono path[0] = 'C:/Program Files/Unity/Hub/Editor/2020.3.8f1/Editor/Data/Managed'
Mono path[1] = 'C:/Program Files/Unity/Hub/Editor/2020.3.8f1/Editor/Data/MonoBleedingEdge/lib/mono/unityjit'
Mono config path = 'C:/Program Files/Unity/Hub/Editor/2020.3.8f1/Editor/Data/MonoBleedingEdge/etc'
Using monoOptions --debugger-agent=transport=dt_socket,embedding=1,server=y,suspend=n,address=127.0.0.1:56636
Begin MonoManager ReloadAssembly
Registering precompiled unity dll's ...
Register platform support module: C:/Program Files/Unity/Hub/Editor/2020.3.8f1/Editor/Data/PlaybackEngines/WebGLSupport/UnityEditor.WebGL.Extensions.dll
Register platform support module: C:/Program Files/Unity/Hub/Editor/2020.3.8f1/Editor/Data/PlaybackEngines/WindowsStandaloneSupport/UnityEditor.WindowsStandalone.Extensions.dll
Registered in 0.004205 seconds.
Native extension for WindowsStandalone target not found
Native extension for WebGL target not found
Refreshing native plugins compatible for Editor in 81.37 ms, found 0 plugins.
Preloading 0 native plugins for Editor in 0.00 ms.
Mono: successfully reloaded assembly
- Completed reload, in  2.019 seconds
Platform modules already initialized, skipping
Registering precompiled user dll's ...
Registered in 0.001123 seconds.
Begin MonoManager ReloadAssembly
Native extension for WindowsStandalone target not found
Native extension for WebGL target not found
Refreshing native plugins compatible for Editor in 0.23 ms, found 0 plugins.
Preloading 0 native plugins for Editor in 0.00 ms.
Mono: successfully reloaded assembly
- Completed reload, in  1.604 seconds
Platform modules already initialized, skipping
========================================================================
Worker process is ready to serve import requests
Launched and connected shader compiler UnityShaderCompiler.exe after 0.22 seconds
Refreshing native plugins compatible for Editor in 0.45 ms, found 0 plugins.
Preloading 0 native plugins for Editor in 0.00 ms.
Unloading 1116 Unused Serialized files (Serialized files now loaded: 0)
System memory in use before: 57.2 MB.
System memory in use after: 57.2 MB.

Unloading 10 unused Assets to reduce memory usage. Loaded Objects now: 1558.
Total: 3.049500 ms (FindLiveObjects: 0.159600 ms CreateObjectMapping: 0.044000 ms MarkObjects: 2.712100 ms  DeleteObjects: 0.131900 ms)

========================================================================
Received Import Request.
  path: Assets/CircleLineRendering.cs
  artifactKey: Guid(dbe44526ad8da9046a2df7b36734d93e) Importer(815301076,1909f56bfc062723c751e8b465ee728b)
Start importing Assets/CircleLineRendering.cs using Guid(dbe44526ad8da9046a2df7b36734d93e) Importer(815301076,1909f56bfc062723c751e8b465ee728b)  -> (artifact id: '696078c78d3ca212d0bb0d812a28d093') in 0.060427 seconds
  Import took 0.064162 seconds .

========================================================================
Received Prepare
Registering precompiled user dll's ...
Registered in 0.000952 seconds.
Begin MonoManager ReloadAssembly
Native extension for WindowsStandalone target not found
Native extension for WebGL target not found
Refreshing native plugins compatible for Editor in 0.20 ms, found 0 plugins.
Preloading 0 native plugins for Editor in 0.00 ms.
Mono: successfully reloaded assembly
- Completed reload, in  0.920 seconds
Platform modules already initialized, skipping
Refreshing native plugins compatible for Editor in 0.20 ms, found 0 plugins.
Preloading 0 native plugins for Editor in 0.00 ms.
Unloading 1111 Unused Serialized files (Serialized files now loaded: 0)
System memory in use before: 57.1 MB.
System memory in use after: 57.2 MB.

Unloading 5 unused Assets to reduce memory usage. Loaded Objects now: 1561.
Total: 1.956300 ms (FindLiveObjects: 0.104000 ms CreateObjectMapping: 0.027700 ms MarkObjects: 1.735600 ms  DeleteObjects: 0.088200 ms)

========================================================================
Received Import Request.
  Time since last request: 30.419912 seconds.
  path: Assets/CircleLineRendering.cs
  artifactKey: Guid(dbe44526ad8da9046a2df7b36734d93e) Importer(815301076,1909f56bfc062723c751e8b465ee728b)
Start importing Assets/CircleLineRendering.cs using Guid(dbe44526ad8da9046a2df7b36734d93e) Importer(815301076,1909f56bfc062723c751e8b465ee728b)  -> (artifact id: '280c5d8eae898468b37a5d38f581eef1') in 0.005180 seconds
  Import took 0.019432 seconds .

========================================================================
Received Prepare
Registering precompiled user dll's ...
Registered in 0.000859 seconds.
Begin MonoManager ReloadAssembly
Native extension for WindowsStandalone target not found
Native extension for WebGL target not found
Refreshing native plugins compatible for Editor in 0.21 ms, found 0 plugins.
Preloading 0 native plugins for Editor in 0.00 ms.
Mono: successfully reloaded assembly
- Completed reload, in  0.932 seconds
Platform modules already initialized, skipping
Refreshing native plugins compatible for Editor in 0.19 ms, found 0 plugins.
Preloading 0 native plugins for Editor in 0.00 ms.
Unloading 1111 Unused Serialized files (Serialized files now loaded: 0)
System memory in use before: 57.1 MB.
System memory in use after: 57.2 MB.

Unloading 5 unused Assets to reduce memory usage. Loaded Objects now: 1564.
Total: 1.894000 ms (FindLiveObjects: 0.121800 ms CreateObjectMapping: 0.031700 ms MarkObjects: 1.696000 ms  DeleteObjects: 0.043700 ms)

========================================================================
Received Import Request.
  Time since last request: 102.901553 seconds.
  path: Assets/CircleLineRendering.cs
  artifactKey: Guid(dbe44526ad8da9046a2df7b36734d93e) Importer(815301076,1909f56bfc062723c751e8b465ee728b)
Start importing Assets/CircleLineRendering.cs using Guid(dbe44526ad8da9046a2df7b36734d93e) Importer(815301076,1909f56bfc062723c751e8b465ee728b)  -> (artifact id: '0ec3b7609654211d16eb971cb2c623f5') in 0.006309 seconds
  Import took 0.008317 seconds .

========================================================================
Received Prepare
Registering precompiled user dll's ...
Registered in 0.001620 seconds.
Begin MonoManager ReloadAssembly
Native extension for WindowsStandalone target not found
Native extension for WebGL target not found
Refreshing native plugins compatible for Editor in 0.21 ms, found 0 plugins.
Preloading 0 native plugins for Editor in 0.00 ms.
Mono: successfully reloaded assembly
- Completed reload, in  0.984 seconds
Platform modules already initialized, skipping
Refreshing native plugins compatible for Editor in 0.22 ms, found 0 plugins.
Preloading 0 native plugins for Editor in 0.00 ms.
Unloading 1111 Unused Serialized files (Serialized files now loaded: 0)
System memory in use before: 57.1 MB.
System memory in use after: 57.2 MB.

Unloading 5 unused Assets to reduce memory usage. Loaded Objects now: 1567.
Total: 2.249500 ms (FindLiveObjects: 0.146800 ms CreateObjectMapping: 0.038200 ms MarkObjects: 2.011900 ms  DeleteObjects: 0.051400 ms)

========================================================================
Received Prepare
Registering precompiled user dll's ...
Registered in 0.000808 seconds.
Begin MonoManager ReloadAssembly
Native extension for WindowsStandalone target not found
Native extension for WebGL target not found
Refreshing native plugins compatible for Editor in 0.51 ms, found 0 plugins.
Preloading 0 native plugins for Editor in 0.00 ms.
Mono: successfully reloaded assembly
- Completed reload, in  1.453 seconds
Platform modules already initialized, skipping
Refreshing native plugins compatible for Editor in 0.22 ms, found 0 plugins.
Preloading 0 native plugins for Editor in 0.00 ms.
Unloading 1111 Unused Serialized files (Serialized files now loaded: 0)
System memory in use before: 57.1 MB.
System memory in use after: 57.2 MB.

Unloading 5 unused Assets to reduce memory usage. Loaded Objects now: 1570.
Total: 2.214700 ms (FindLiveObjects: 0.209900 ms CreateObjectMapping: 0.066200 ms MarkObjects: 1.875700 ms  DeleteObjects: 0.061500 ms)

========================================================================
Received Prepare
Registering precompiled user dll's ...
Registered in 0.000793 seconds.
Begin MonoManager ReloadAssembly
Native extension for WindowsStandalone target not found
Native extension for WebGL target not found
Refreshing native plugins compatible for Editor in 0.38 ms, found 0 plugins.
Preloading 0 native plugins for Editor in 0.00 ms.
Mono: successfully reloaded assembly
- Completed reload, in  1.994 seconds
Platform modules already initialized, skipping
Refreshing native plugins compatible for Editor in 0.22 ms, found 0 plugins.
Preloading 0 native plugins for Editor in 0.00 ms.
Unloading 1111 Unused Serialized files (Serialized files now loaded: 0)
System memory in use before: 57.1 MB.
System memory in use after: 57.2 MB.

Unloading 5 unused Assets to reduce memory usage. Loaded Objects now: 1573.
Total: 2.889300 ms (FindLiveObjects: 0.235300 ms CreateObjectMapping: 0.088500 ms MarkObjects: 2.497800 ms  DeleteObjects: 0.065600 ms)

========================================================================
Received Prepare
Registering precompiled user dll's ...
Registered in 0.000882 seconds.
Begin MonoManager ReloadAssembly
Native extension for WindowsStandalone target not found
Native extension for WebGL target not found
Refreshing native plugins compatible for Editor in 0.46 ms, found 0 plugins.
Preloading 0 native plugins for Editor in 0.00 ms.
Mono: successfully reloaded assembly
- Completed reload, in  1.714 seconds
Platform modules already initialized, skipping
Refreshing native plugins compatible for Editor in 0.46 ms, found 0 plugins.
Preloading 0 native plugins for Editor in 0.00 ms.
Unloading 1111 Unused Serialized files (Serialized files now loaded: 0)
System memory in use before: 57.1 MB.
System memory in use after: 57.2 MB.

Unloading 5 unused Assets to reduce memory usage. Loaded Objects now: 1576.
Total: 4.904700 ms (FindLiveObjects: 0.380900 ms CreateObjectMapping: 0.131100 ms MarkObjects: 4.266300 ms  DeleteObjects: 0.123300 ms)

========================================================================
Received Prepare
Registering precompiled user dll's ...
Registered in 0.000845 seconds.
Begin MonoManager ReloadAssembly
Native extension for WindowsStandalone target not found
Native extension for WebGL target not found
Refreshing native plugins compatible for Editor in 0.37 ms, found 0 plugins.
Preloading 0 native plugins for Editor in 0.00 ms.
Mono: successfully reloaded assembly
- Completed reload, in  1.642 seconds
Platform modules already initialized, skipping
Refreshing native plugins compatible for Editor in 0.41 ms, found 0 plugins.
Preloading 0 native plugins for Editor in 0.00 ms.
Unloading 1111 Unused Serialized files (Serialized files now loaded: 0)
System memory in use before: 57.2 MB.
System memory in use after: 57.2 MB.

Unloading 5 unused Assets to reduce memory usage. Loaded Objects now: 1579.
Total: 3.580200 ms (FindLiveObjects: 0.238200 ms CreateObjectMapping: 0.074200 ms MarkObjects: 3.165000 ms  DeleteObjects: 0.100800 ms)

========================================================================
Received Prepare
Registering precompiled user dll's ...
Registered in 0.002253 seconds.
Begin MonoManager ReloadAssembly
Native extension for WindowsStandalone target not found
Native extension for WebGL target not found
Refreshing native plugins compatible for Editor in 0.27 ms, found 0 plugins.
Preloading 0 native plugins for Editor in 0.00 ms.
Mono: successfully reloaded assembly
- Completed reload, in  1.804 seconds
Platform modules already initialized, skipping
Refreshing native plugins compatible for Editor in 0.22 ms, found 0 plugins.
Preloading 0 native plugins for Editor in 0.00 ms.
Unloading 1111 Unused Serialized files (Serialized files now loaded: 0)
System memory in use before: 57.2 MB.
System memory in use after: 57.2 MB.

Unloading 5 unused Assets to reduce memory usage. Loaded Objects now: 1582.
Total: 2.334800 ms (FindLiveObjects: 0.145900 ms CreateObjectMapping: 0.037700 ms MarkObjects: 2.050300 ms  DeleteObjects: 0.099800 ms)

========================================================================
Received Prepare
Registering precompiled user dll's ...
Registered in 0.001805 seconds.
Begin MonoManager ReloadAssembly
Native extension for WindowsStandalone target not found
Native extension for WebGL target not found
Refreshing native plugins compatible for Editor in 0.40 ms, found 0 plugins.
Preloading 0 native plugins for Editor in 0.00 ms.
Mono: successfully reloaded assembly
- Completed reload, in  2.219 seconds
Platform modules already initialized, skipping
Refreshing native plugins compatible for Editor in 0.34 ms, found 0 plugins.
Preloading 0 native plugins for Editor in 0.00 ms.
Unloading 1111 Unused Serialized files (Serialized files now loaded: 0)
System memory in use before: 57.2 MB.
System memory in use after: 57.2 MB.

Unloading 5 unused Assets to reduce memory usage. Loaded Objects now: 1585.
Total: 2.012300 ms (FindLiveObjects: 0.151500 ms CreateObjectMapping: 0.036800 ms MarkObjects: 1.763800 ms  DeleteObjects: 0.058300 ms)

========================================================================
Received Prepare
Registering precompiled user dll's ...
Registered in 0.000811 seconds.
Begin MonoManager ReloadAssembly
Native extension for WindowsStandalone target not found
Native extension for WebGL target not found
Refreshing native plugins compatible for Editor in 0.39 ms, found 0 plugins.
Preloading 0 native plugins for Editor in 0.00 ms.
Mono: successfully reloaded assembly
- Completed reload, in  1.709 seconds
Platform modules already initialized, skipping
Refreshing native plugins compatible for Editor in 0.72 ms, found 0 plugins.
Preloading 0 native plugins for Editor in 0.00 ms.
Unloading 1111 Unused Serialized files (Serialized files now loaded: 0)
System memory in use before: 57.2 MB.
System memory in use after: 57.2 MB.

Unloading 5 unused Assets to reduce memory usage. Loaded Objects now: 1588.
Total: 4.118100 ms (FindLiveObjects: 0.242700 ms CreateObjectMapping: 0.057400 ms MarkObjects: 3.682500 ms  DeleteObjects: 0.132600 ms)

========================================================================
Received Prepare
Registering precompiled user dll's ...
Registered in 0.002088 seconds.
Begin MonoManager ReloadAssembly
Native extension for WindowsStandalone target not found
Native extension for WebGL target not found
Refreshing native plugins compatible for Editor in 0.38 ms, found 0 plugins.
Preloading 0 native plugins for Editor in 0.00 ms.
Mono: successfully reloaded assembly
- Completed reload, in  1.820 seconds
Platform modules already initialized, skipping
Refreshing native plugins compatible for Editor in 0.42 ms, found 0 plugins.
Preloading 0 native plugins for Editor in 0.00 ms.
Unloading 1111 Unused Serialized files (Serialized files now loaded: 0)
System memory in use before: 57.2 MB.
System memory in use after: 57.2 MB.

Unloading 5 unused Assets to reduce memory usage. Loaded Objects now: 1591.
Total: 3.587100 ms (FindLiveObjects: 0.259900 ms CreateObjectMapping: 0.077700 ms MarkObjects: 3.113200 ms  DeleteObjects: 0.130300 ms)

========================================================================
Received Prepare
Registering precompiled user dll's ...
Registered in 0.001866 seconds.
Begin MonoManager ReloadAssembly
Native extension for WindowsStandalone target not found
Native extension for WebGL target not found
Refreshing native plugins compatible for Editor in 0.45 ms, found 0 plugins.
Preloading 0 native plugins for Editor in 0.00 ms.
Mono: successfully reloaded assembly
- Completed reload, in  1.960 seconds
Platform modules already initialized, skipping
Refreshing native plugins compatible for Editor in 0.33 ms, found 0 plugins.
Preloading 0 native plugins for Editor in 0.00 ms.
Unloading 1111 Unused Serialized files (Serialized files now loaded: 0)
System memory in use before: 57.2 MB.
System memory in use after: 57.3 MB.

Unloading 5 unused Assets to reduce memory usage. Loaded Objects now: 1594.
Total: 3.161800 ms (FindLiveObjects: 0.230400 ms CreateObjectMapping: 0.070300 ms MarkObjects: 2.752100 ms  DeleteObjects: 0.106000 ms)

========================================================================
Received Prepare
Registering precompiled user dll's ...
Registered in 0.000888 seconds.
Begin MonoManager ReloadAssembly
Native extension for WindowsStandalone target not found
Native extension for WebGL target not found
Refreshing native plugins compatible for Editor in 0.41 ms, found 0 plugins.
Preloading 0 native plugins for Editor in 0.00 ms.
Mono: successfully reloaded assembly
- Completed reload, in  1.776 seconds
Platform modules already initialized, skipping
Refreshing native plugins compatible for Editor in 0.42 ms, found 0 plugins.
Preloading 0 native plugins for Editor in 0.00 ms.
Unloading 1111 Unused Serialized files (Serialized files now loaded: 0)
System memory in use before: 57.2 MB.
System memory in use after: 57.3 MB.

Unloading 5 unused Assets to reduce memory usage. Loaded Objects now: 1597.
Total: 2.757800 ms (FindLiveObjects: 0.196600 ms CreateObjectMapping: 0.048000 ms MarkObjects: 2.406500 ms  DeleteObjects: 0.105300 ms)

========================================================================
Received Prepare
Registering precompiled user dll's ...
Registered in 0.001735 seconds.
Begin MonoManager ReloadAssembly
Native extension for WindowsStandalone target not found
Native extension for WebGL target not found
Refreshing native plugins compatible for Editor in 0.38 ms, found 0 plugins.
Preloading 0 native plugins for Editor in 0.00 ms.
Mono: successfully reloaded assembly
- Completed reload, in  2.067 seconds
Platform modules already initialized, skipping
Refreshing native plugins compatible for Editor in 0.34 ms, found 0 plugins.
Preloading 0 native plugins for Editor in 0.00 ms.
Unloading 1111 Unused Serialized files (Serialized files now loaded: 0)
System memory in use before: 57.2 MB.
System memory in use after: 57.3 MB.

Unloading 5 unused Assets to reduce memory usage. Loaded Objects now: 1600.
Total: 3.140300 ms (FindLiveObjects: 0.218200 ms CreateObjectMapping: 0.069200 ms MarkObjects: 2.756800 ms  DeleteObjects: 0.094100 ms)

========================================================================
Received Prepare
Registering precompiled user dll's ...
Registered in 0.000815 seconds.
Begin MonoManager ReloadAssembly
Native extension for WindowsStandalone target not found
Native extension for WebGL target not found
Refreshing native plugins compatible for Editor in 0.71 ms, found 0 plugins.
Preloading 0 native plugins for Editor in 0.00 ms.
Mono: successfully reloaded assembly
- Completed reload, in  1.420 seconds
Platform modules already initialized, skipping
Refreshing native plugins compatible for Editor in 0.64 ms, found 0 plugins.
Preloading 0 native plugins for Editor in 0.00 ms.
Unloading 1112 Unused Serialized files (Serialized files now loaded: 0)
System memory in use before: 57.2 MB.
System memory in use after: 57.3 MB.

Unloading 5 unused Assets to reduce memory usage. Loaded Objects now: 1604.
Total: 2.467900 ms (FindLiveObjects: 0.226700 ms CreateObjectMapping: 0.071300 ms MarkObjects: 2.106000 ms  DeleteObjects: 0.062000 ms)

========================================================================
Received Import Request.
  Time since last request: 2528.458625 seconds.
  path: Assets/ExampleClass.cs
  artifactKey: Guid(267c6ae5bc2f8af48b5d2137ce223fc6) Importer(815301076,1909f56bfc062723c751e8b465ee728b)
Start importing Assets/ExampleClass.cs using Guid(267c6ae5bc2f8af48b5d2137ce223fc6) Importer(815301076,1909f56bfc062723c751e8b465ee728b)  -> (artifact id: '00000000000000000000000000000000') in 0.001353 seconds
  ERROR: Build asset version error: assets/exampleclass.cs in SourceAssetDB has modification time of '2021-06-30T06:04:40.3422773Z' while content on disk has modification time of '2021-06-30T06:04:44.2313447Z'
  Import took 0.003846 seconds .

========================================================================
Received Import Request.
  Time since last request: 0.085061 seconds.
  path: Assets/ExampleClass.cs
  artifactKey: Guid(267c6ae5bc2f8af48b5d2137ce223fc6) Importer(815301076,1909f56bfc062723c751e8b465ee728b)
Start importing Assets/ExampleClass.cs using Guid(267c6ae5bc2f8af48b5d2137ce223fc6) Importer(815301076,1909f56bfc062723c751e8b465ee728b)  -> (artifact id: '00000000000000000000000000000000') in 0.000712 seconds
  ERROR: Build asset version error: assets/exampleclass.cs in SourceAssetDB has modification time of '2021-06-30T06:04:40.3422773Z' while content on disk has modification time of '2021-06-30T06:04:44.2313447Z'
  Import took 0.007367 seconds .

========================================================================
Received Import Request.
  Time since last request: 0.120062 seconds.
  path: Assets/ExampleClass.cs
  artifactKey: Guid(267c6ae5bc2f8af48b5d2137ce223fc6) Importer(815301076,1909f56bfc062723c751e8b465ee728b)
Start importing Assets/ExampleClass.cs using Guid(267c6ae5bc2f8af48b5d2137ce223fc6) Importer(815301076,1909f56bfc062723c751e8b465ee728b)  -> (artifact id: '00000000000000000000000000000000') in 0.000490 seconds
  ERROR: Build asset version error: assets/exampleclass.cs in SourceAssetDB has modification time of '2021-06-30T06:04:40.3422773Z' while content on disk has modification time of '2021-06-30T06:04:44.2313447Z'
  Import took 0.004369 seconds .

========================================================================
Received Import Request.
  Time since last request: 0.125211 seconds.
  path: Assets/ExampleClass.cs
  artifactKey: Guid(267c6ae5bc2f8af48b5d2137ce223fc6) Importer(815301076,1909f56bfc062723c751e8b465ee728b)
Start importing Assets/ExampleClass.cs using Guid(267c6ae5bc2f8af48b5d2137ce223fc6) Importer(815301076,1909f56bfc062723c751e8b465ee728b)  -> (artifact id: '00000000000000000000000000000000') in 0.001471 seconds
  ERROR: Build asset version error: assets/exampleclass.cs in SourceAssetDB has modification time of '2021-06-30T06:04:40.3422773Z' while content on disk has modification time of '2021-06-30T06:04:44.2313447Z'
  Import took 0.007444 seconds .

========================================================================
Received Import Request.
  Time since last request: 0.141754 seconds.
  path: Assets/ExampleClass.cs
  artifactKey: Guid(267c6ae5bc2f8af48b5d2137ce223fc6) Importer(815301076,1909f56bfc062723c751e8b465ee728b)
Start importing Assets/ExampleClass.cs using Guid(267c6ae5bc2f8af48b5d2137ce223fc6) Importer(815301076,1909f56bfc062723c751e8b465ee728b)  -> (artifact id: '00000000000000000000000000000000') in 0.000517 seconds
  ERROR: Build asset version error: assets/exampleclass.cs in SourceAssetDB has modification time of '2021-06-30T06:04:40.3422773Z' while content on disk has modification time of '2021-06-30T06:04:44.2313447Z'
  Import took 0.005857 seconds .

========================================================================
Received Import Request.
  Time since last request: 0.128803 seconds.
  path: Assets/ExampleClass.cs
  artifactKey: Guid(267c6ae5bc2f8af48b5d2137ce223fc6) Importer(815301076,1909f56bfc062723c751e8b465ee728b)
Start importing Assets/ExampleClass.cs using Guid(267c6ae5bc2f8af48b5d2137ce223fc6) Importer(815301076,1909f56bfc062723c751e8b465ee728b)  -> (artifact id: '00000000000000000000000000000000') in 0.000690 seconds
  ERROR: Build asset version error: assets/exampleclass.cs in SourceAssetDB has modification time of '2021-06-30T06:04:40.3422773Z' while content on disk has modification time of '2021-06-30T06:04:44.2313447Z'
  Import took 0.007446 seconds .

========================================================================
Received Import Request.
  Time since last request: 0.123664 seconds.
  path: Assets/ExampleClass.cs
  artifactKey: Guid(267c6ae5bc2f8af48b5d2137ce223fc6) Importer(815301076,1909f56bfc062723c751e8b465ee728b)
Start importing Assets/ExampleClass.cs using Guid(267c6ae5bc2f8af48b5d2137ce223fc6) Importer(815301076,1909f56bfc062723c751e8b465ee728b)  -> (artifact id: '00000000000000000000000000000000') in 0.000999 seconds
  ERROR: Build asset version error: assets/exampleclass.cs in SourceAssetDB has modification time of '2021-06-30T06:04:40.3422773Z' while content on disk has modification time of '2021-06-30T06:04:44.2313447Z'
  Import took 0.007287 seconds .

========================================================================
Received Import Request.
  Time since last request: 0.176688 seconds.
  path: Assets/ExampleClass.cs
  artifactKey: Guid(267c6ae5bc2f8af48b5d2137ce223fc6) Importer(815301076,1909f56bfc062723c751e8b465ee728b)
Start importing Assets/ExampleClass.cs using Guid(267c6ae5bc2f8af48b5d2137ce223fc6) Importer(815301076,1909f56bfc062723c751e8b465ee728b)  -> (artifact id: '00000000000000000000000000000000') in 0.001218 seconds
  ERROR: Build asset version error: assets/exampleclass.cs in SourceAssetDB has modification time of '2021-06-30T06:04:40.3422773Z' while content on disk has modification time of '2021-06-30T06:04:44.2313447Z'
  Import took 0.015491 seconds .

========================================================================
Received Import Request.
  Time since last request: 0.111697 seconds.
  path: Assets/ExampleClass.cs
  artifactKey: Guid(267c6ae5bc2f8af48b5d2137ce223fc6) Importer(815301076,1909f56bfc062723c751e8b465ee728b)
Start importing Assets/ExampleClass.cs using Guid(267c6ae5bc2f8af48b5d2137ce223fc6) Importer(815301076,1909f56bfc062723c751e8b465ee728b)  -> (artifact id: '00000000000000000000000000000000') in 0.000280 seconds
  ERROR: Build asset version error: assets/exampleclass.cs in SourceAssetDB has modification time of '2021-06-30T06:04:40.3422773Z' while content on disk has modification time of '2021-06-30T06:04:44.2313447Z'
  Import took 0.002400 seconds .

========================================================================
Received Import Request.
  Time since last request: 0.146716 seconds.
  path: Assets/ExampleClass.cs
  artifactKey: Guid(267c6ae5bc2f8af48b5d2137ce223fc6) Importer(815301076,1909f56bfc062723c751e8b465ee728b)
Start importing Assets/ExampleClass.cs using Guid(267c6ae5bc2f8af48b5d2137ce223fc6) Importer(815301076,1909f56bfc062723c751e8b465ee728b)  -> (artifact id: '00000000000000000000000000000000') in 0.006614 seconds
  ERROR: Build asset version error: assets/exampleclass.cs in SourceAssetDB has modification time of '2021-06-30T06:04:40.3422773Z' while content on disk has modification time of '2021-06-30T06:04:44.2313447Z'
  Import took 0.014659 seconds .

========================================================================
Received Import Request.
  Time since last request: 0.113045 seconds.
  path: Assets/ExampleClass.cs
  artifactKey: Guid(267c6ae5bc2f8af48b5d2137ce223fc6) Importer(815301076,1909f56bfc062723c751e8b465ee728b)
Start importing Assets/ExampleClass.cs using Guid(267c6ae5bc2f8af48b5d2137ce223fc6) Importer(815301076,1909f56bfc062723c751e8b465ee728b)  -> (artifact id: '00000000000000000000000000000000') in 0.000580 seconds
  ERROR: Build asset version error: assets/exampleclass.cs in SourceAssetDB has modification time of '2021-06-30T06:04:40.3422773Z' while content on disk has modification time of '2021-06-30T06:04:44.2313447Z'
  Import took 0.005497 seconds .

========================================================================
Received Import Request.
  Time since last request: 0.117401 seconds.
  path: Assets/ExampleClass.cs
  artifactKey: Guid(267c6ae5bc2f8af48b5d2137ce223fc6) Importer(815301076,1909f56bfc062723c751e8b465ee728b)
Start importing Assets/ExampleClass.cs using Guid(267c6ae5bc2f8af48b5d2137ce223fc6) Importer(815301076,1909f56bfc062723c751e8b465ee728b)  -> (artifact id: '00000000000000000000000000000000') in 0.000249 seconds
  ERROR: Build asset version error: assets/exampleclass.cs in SourceAssetDB has modification time of '2021-06-30T06:04:40.3422773Z' while content on disk has modification time of '2021-06-30T06:04:44.2313447Z'
  Import took 0.003272 seconds .

========================================================================
Received Prepare
Registering precompiled user dll's ...
Registered in 0.000806 seconds.
Begin MonoManager ReloadAssembly
Native extension for WindowsStandalone target not found
Native extension for WebGL target not found
Refreshing native plugins compatible for Editor in 0.27 ms, found 0 plugins.
Preloading 0 native plugins for Editor in 0.00 ms.
Mono: successfully reloaded assembly
- Completed reload, in  1.655 seconds
Platform modules already initialized, skipping
Refreshing native plugins compatible for Editor in 0.38 ms, found 0 plugins.
Preloading 0 native plugins for Editor in 0.00 ms.
Unloading 1112 Unused Serialized files (Serialized files now loaded: 0)
System memory in use before: 57.2 MB.
System memory in use after: 57.3 MB.

Unloading 5 unused Assets to reduce memory usage. Loaded Objects now: 1607.
Total: 2.826200 ms (FindLiveObjects: 0.225700 ms CreateObjectMapping: 0.070400 ms MarkObjects: 2.428100 ms  DeleteObjects: 0.099600 ms)

========================================================================
Received Import Request.
  Time since last request: 6.101485 seconds.
  path: Assets/ExampleClass.cs
  artifactKey: Guid(267c6ae5bc2f8af48b5d2137ce223fc6) Importer(815301076,1909f56bfc062723c751e8b465ee728b)
Start importing Assets/ExampleClass.cs using Guid(267c6ae5bc2f8af48b5d2137ce223fc6) Importer(815301076,1909f56bfc062723c751e8b465ee728b)  -> (artifact id: 'ff5e574696e4b43427a731cd24d6ad6e') in 0.009632 seconds
  Import took 0.012528 seconds .

========================================================================
Received Prepare
Registering precompiled user dll's ...
Registered in 0.001591 seconds.
Begin MonoManager ReloadAssembly
Native extension for WindowsStandalone target not found
Native extension for WebGL target not found
Refreshing native plugins compatible for Editor in 0.38 ms, found 0 plugins.
Preloading 0 native plugins for Editor in 0.00 ms.
Mono: successfully reloaded assembly
- Completed reload, in  1.845 seconds
Platform modules already initialized, skipping
Refreshing native plugins compatible for Editor in 0.39 ms, found 0 plugins.
Preloading 0 native plugins for Editor in 0.00 ms.
Unloading 1112 Unused Serialized files (Serialized files now loaded: 0)
System memory in use before: 57.2 MB.
System memory in use after: 57.3 MB.

Unloading 5 unused Assets to reduce memory usage. Loaded Objects now: 1610.
Total: 3.118600 ms (FindLiveObjects: 0.250200 ms CreateObjectMapping: 0.087000 ms MarkObjects: 2.700800 ms  DeleteObjects: 0.078300 ms)

========================================================================
Received Prepare
Registering precompiled user dll's ...
Registered in 0.001526 seconds.
Begin MonoManager ReloadAssembly
Native extension for WindowsStandalone target not found
Native extension for WebGL target not found
Refreshing native plugins compatible for Editor in 0.38 ms, found 0 plugins.
Preloading 0 native plugins for Editor in 0.00 ms.
Mono: successfully reloaded assembly
- Completed reload, in  1.937 seconds
Platform modules already initialized, skipping
Refreshing native plugins compatible for Editor in 0.24 ms, found 0 plugins.
Preloading 0 native plugins for Editor in 0.00 ms.
Unloading 1112 Unused Serialized files (Serialized files now loaded: 0)
System memory in use before: 57.2 MB.
System memory in use after: 57.3 MB.

Unloading 5 unused Assets to reduce memory usage. Loaded Objects now: 1613.
Total: 3.543200 ms (FindLiveObjects: 0.249800 ms CreateObjectMapping: 0.073900 ms MarkObjects: 3.139200 ms  DeleteObjects: 0.078200 ms)

========================================================================
Received Prepare
Registering precompiled user dll's ...
Registered in 0.000797 seconds.
Begin MonoManager ReloadAssembly
Native extension for WindowsStandalone target not found
Native extension for WebGL target not found
Refreshing native plugins compatible for Editor in 0.32 ms, found 0 plugins.
Preloading 0 native plugins for Editor in 0.00 ms.
Mono: successfully reloaded assembly
- Completed reload, in  1.528 seconds
Platform modules already initialized, skipping
Refreshing native plugins compatible for Editor in 0.25 ms, found 0 plugins.
Preloading 0 native plugins for Editor in 0.00 ms.
Unloading 1112 Unused Serialized files (Serialized files now loaded: 0)
System memory in use before: 57.2 MB.
System memory in use after: 57.3 MB.

Unloading 5 unused Assets to reduce memory usage. Loaded Objects now: 1616.
Total: 2.309200 ms (FindLiveObjects: 0.149200 ms CreateObjectMapping: 0.039600 ms MarkObjects: 2.066000 ms  DeleteObjects: 0.053300 ms)

========================================================================
Received Prepare
Registering precompiled user dll's ...
Registered in 0.001009 seconds.
Begin MonoManager ReloadAssembly
Native extension for WindowsStandalone target not found
Native extension for WebGL target not found
Refreshing native plugins compatible for Editor in 0.39 ms, found 0 plugins.
Preloading 0 native plugins for Editor in 0.00 ms.
Mono: successfully reloaded assembly
- Completed reload, in  2.044 seconds
Platform modules already initialized, skipping
Refreshing native plugins compatible for Editor in 0.32 ms, found 0 plugins.
Preloading 0 native plugins for Editor in 0.00 ms.
Unloading 1112 Unused Serialized files (Serialized files now loaded: 0)
System memory in use before: 57.2 MB.
System memory in use after: 57.3 MB.

Unloading 5 unused Assets to reduce memory usage. Loaded Objects now: 1619.
Total: 2.995700 ms (FindLiveObjects: 0.194800 ms CreateObjectMapping: 0.057900 ms MarkObjects: 2.657200 ms  DeleteObjects: 0.084100 ms)

========================================================================
Received Prepare
Registering precompiled user dll's ...
Registered in 0.002444 seconds.
Begin MonoManager ReloadAssembly
Native extension for WindowsStandalone target not found
Native extension for WebGL target not found
Refreshing native plugins compatible for Editor in 0.39 ms, found 0 plugins.
Preloading 0 native plugins for Editor in 0.00 ms.
Mono: successfully reloaded assembly
- Completed reload, in  1.938 seconds
Platform modules already initialized, skipping
Refreshing native plugins compatible for Editor in 0.39 ms, found 0 plugins.
Preloading 0 native plugins for Editor in 0.00 ms.
Unloading 1112 Unused Serialized files (Serialized files now loaded: 0)
System memory in use before: 57.2 MB.
System memory in use after: 57.3 MB.

Unloading 5 unused Assets to reduce memory usage. Loaded Objects now: 1622.
Total: 3.340600 ms (FindLiveObjects: 0.182000 ms CreateObjectMapping: 0.046500 ms MarkObjects: 2.978300 ms  DeleteObjects: 0.132400 ms)

========================================================================
Received Prepare
Registering precompiled user dll's ...
Registered in 0.001628 seconds.
Begin MonoManager ReloadAssembly
Native extension for WindowsStandalone target not found
Native extension for WebGL target not found
Refreshing native plugins compatible for Editor in 0.37 ms, found 0 plugins.
Preloading 0 native plugins for Editor in 0.00 ms.
Mono: successfully reloaded assembly
- Completed reload, in  1.903 seconds
Platform modules already initialized, skipping
Refreshing native plugins compatible for Editor in 0.36 ms, found 0 plugins.
Preloading 0 native plugins for Editor in 0.00 ms.
Unloading 1112 Unused Serialized files (Serialized files now loaded: 0)
System memory in use before: 57.3 MB.
System memory in use after: 57.3 MB.

Unloading 5 unused Assets to reduce memory usage. Loaded Objects now: 1625.
Total: 2.976100 ms (FindLiveObjects: 0.208300 ms CreateObjectMapping: 0.055600 ms MarkObjects: 2.635100 ms  DeleteObjects: 0.075600 ms)

========================================================================
Received Prepare
Registering precompiled user dll's ...
Registered in 0.000781 seconds.
Begin MonoManager ReloadAssembly
Native extension for WindowsStandalone target not found
Native extension for WebGL target not found
Refreshing native plugins compatible for Editor in 0.36 ms, found 0 plugins.
Preloading 0 native plugins for Editor in 0.00 ms.
Mono: successfully reloaded assembly
- Completed reload, in  1.334 seconds
Platform modules already initialized, skipping
Refreshing native plugins compatible for Editor in 0.33 ms, found 0 plugins.
Preloading 0 native plugins for Editor in 0.00 ms.
Unloading 1112 Unused Serialized files (Serialized files now loaded: 0)
System memory in use before: 57.3 MB.
System memory in use after: 57.3 MB.

Unloading 5 unused Assets to reduce memory usage. Loaded Objects now: 1628.
Total: 2.051700 ms (FindLiveObjects: 0.150100 ms CreateObjectMapping: 0.036800 ms MarkObjects: 1.809100 ms  DeleteObjects: 0.054600 ms)

========================================================================
Received Prepare
Registering precompiled user dll's ...
Registered in 0.000785 seconds.
Begin MonoManager ReloadAssembly
Native extension for WindowsStandalone target not found
Native extension for WebGL target not found
Refreshing native plugins compatible for Editor in 0.40 ms, found 0 plugins.
Preloading 0 native plugins for Editor in 0.00 ms.
Mono: successfully reloaded assembly
- Completed reload, in  1.827 seconds
Platform modules already initialized, skipping
Refreshing native plugins compatible for Editor in 0.37 ms, found 0 plugins.
Preloading 0 native plugins for Editor in 0.00 ms.
Unloading 1112 Unused Serialized files (Serialized files now loaded: 0)
System memory in use before: 57.3 MB.
System memory in use after: 57.3 MB.

Unloading 5 unused Assets to reduce memory usage. Loaded Objects now: 1631.
Total: 4.462000 ms (FindLiveObjects: 0.286100 ms CreateObjectMapping: 0.086600 ms MarkObjects: 3.955700 ms  DeleteObjects: 0.130700 ms)

========================================================================
Received Prepare
Registering precompiled user dll's ...
Registered in 0.001035 seconds.
Begin MonoManager ReloadAssembly
Native extension for WindowsStandalone target not found
Native extension for WebGL target not found
Refreshing native plugins compatible for Editor in 0.37 ms, found 0 plugins.
Preloading 0 native plugins for Editor in 0.00 ms.
Mono: successfully reloaded assembly
- Completed reload, in  1.642 seconds
Platform modules already initialized, skipping
Refreshing native plugins compatible for Editor in 0.22 ms, found 0 plugins.
Preloading 0 native plugins for Editor in 0.00 ms.
Unloading 1111 Unused Serialized files (Serialized files now loaded: 0)
System memory in use before: 57.2 MB.
System memory in use after: 57.3 MB.

Unloading 6 unused Assets to reduce memory usage. Loaded Objects now: 1633.
Total: 3.075900 ms (FindLiveObjects: 0.510100 ms CreateObjectMapping: 0.152200 ms MarkObjects: 2.345800 ms  DeleteObjects: 0.065700 ms)

========================================================================
Received Prepare
Registering precompiled user dll's ...
Registered in 0.000771 seconds.
Begin MonoManager ReloadAssembly
Native extension for WindowsStandalone target not found
Native extension for WebGL target not found
Refreshing native plugins compatible for Editor in 0.23 ms, found 0 plugins.
Preloading 0 native plugins for Editor in 0.00 ms.
Mono: successfully reloaded assembly
- Completed reload, in  1.717 seconds
Platform modules already initialized, skipping
Refreshing native plugins compatible for Editor in 0.26 ms, found 0 plugins.
Preloading 0 native plugins for Editor in 0.00 ms.
Unloading 1111 Unused Serialized files (Serialized files now loaded: 0)
System memory in use before: 57.2 MB.
System memory in use after: 57.3 MB.

Unloading 5 unused Assets to reduce memory usage. Loaded Objects now: 1636.
Total: 3.788100 ms (FindLiveObjects: 0.164200 ms CreateObjectMapping: 0.037400 ms MarkObjects: 3.475800 ms  DeleteObjects: 0.109600 ms)

========================================================================
Received Prepare
Registering precompiled user dll's ...
Registered in 0.001015 seconds.
Begin MonoManager ReloadAssembly
Native extension for WindowsStandalone target not found
Native extension for WebGL target not found
Refreshing native plugins compatible for Editor in 0.31 ms, found 0 plugins.
Preloading 0 native plugins for Editor in 0.00 ms.
Mono: successfully reloaded assembly
- Completed reload, in  1.983 seconds
Platform modules already initialized, skipping
Refreshing native plugins compatible for Editor in 0.22 ms, found 0 plugins.
Preloading 0 native plugins for Editor in 0.00 ms.
Unloading 1111 Unused Serialized files (Serialized files now loaded: 0)
System memory in use before: 57.3 MB.
System memory in use after: 57.3 MB.

Unloading 5 unused Assets to reduce memory usage. Loaded Objects now: 1639.
Total: 2.422300 ms (FindLiveObjects: 0.281700 ms CreateObjectMapping: 0.040500 ms MarkObjects: 2.041600 ms  DeleteObjects: 0.056500 ms)

========================================================================
Received Prepare
Registering precompiled user dll's ...
Registered in 0.000776 seconds.
Begin MonoManager ReloadAssembly
Native extension for WindowsStandalone target not found
Native extension for WebGL target not found
Refreshing native plugins compatible for Editor in 0.37 ms, found 0 plugins.
Preloading 0 native plugins for Editor in 0.00 ms.
Mono: successfully reloaded assembly
- Completed reload, in  1.538 seconds
Platform modules already initialized, skipping
Refreshing native plugins compatible for Editor in 0.23 ms, found 0 plugins.
Preloading 0 native plugins for Editor in 0.00 ms.
Unloading 1111 Unused Serialized files (Serialized files now loaded: 0)
System memory in use before: 57.3 MB.
System memory in use after: 57.3 MB.

Unloading 5 unused Assets to reduce memory usage. Loaded Objects now: 1642.
Total: 2.325800 ms (FindLiveObjects: 0.161100 ms CreateObjectMapping: 0.040800 ms MarkObjects: 2.050800 ms  DeleteObjects: 0.071400 ms)

========================================================================
Received Prepare
Registering precompiled user dll's ...
Registered in 0.000832 seconds.
Begin MonoManager ReloadAssembly
Native extension for WindowsStandalone target not found
Native extension for WebGL target not found
Refreshing native plugins compatible for Editor in 0.24 ms, found 0 plugins.
Preloading 0 native plugins for Editor in 0.00 ms.
Mono: successfully reloaded assembly
- Completed reload, in  1.253 seconds
Platform modules already initialized, skipping
Refreshing native plugins compatible for Editor in 0.23 ms, found 0 plugins.
Preloading 0 native plugins for Editor in 0.00 ms.
Unloading 1111 Unused Serialized files (Serialized files now loaded: 0)
System memory in use before: 57.3 MB.
System memory in use after: 57.3 MB.

Unloading 5 unused Assets to reduce memory usage. Loaded Objects now: 1645.
Total: 2.073800 ms (FindLiveObjects: 0.143600 ms CreateObjectMapping: 0.038900 ms MarkObjects: 1.832300 ms  DeleteObjects: 0.057700 ms)

========================================================================
Received Prepare
Registering precompiled user dll's ...
Registered in 0.001043 seconds.
Begin MonoManager ReloadAssembly
Native extension for WindowsStandalone target not found
Native extension for WebGL target not found
Refreshing native plugins compatible for Editor in 0.40 ms, found 0 plugins.
Preloading 0 native plugins for Editor in 0.00 ms.
Mono: successfully reloaded assembly
- Completed reload, in  1.334 seconds
Platform modules already initialized, skipping
Refreshing native plugins compatible for Editor in 0.37 ms, found 0 plugins.
Preloading 0 native plugins for Editor in 0.00 ms.
Unloading 1111 Unused Serialized files (Serialized files now loaded: 0)
System memory in use before: 57.3 MB.
System memory in use after: 57.3 MB.

Unloading 5 unused Assets to reduce memory usage. Loaded Objects now: 1648.
Total: 3.383000 ms (FindLiveObjects: 0.234400 ms CreateObjectMapping: 0.072700 ms MarkObjects: 2.973100 ms  DeleteObjects: 0.100800 ms)

AssetImportWorkerClient::OnTransportError - code=2 error=End of file
